D:/ProgramTools/Ruby2_0/Ruby200/bin/ruby.exe extconf.rb
creating Makefile
find: `out': No such file or directory
GYP_GENERATORS=make \
	build/gyp/gyp --generator-output="out" build/all.gyp \
	              -Ibuild/standalone.gypi --depth=. \
	              -Dv8_target_arch=ia32 \
	              -S.ia32  -Dv8_enable_backtrace=1 -Dv8_can_use_vfp2_instructions=true -Darm_fpu=vfpv2 -Dv8_can_use_vfp3_instructions=true -Darm_fpu=vfpv3
GYP_GENERATORS=make \
	build/gyp/gyp --generator-output="out" build/all.gyp \
	              -Ibuild/standalone.gypi --depth=. \
	              -Dv8_target_arch=x64 \
	              -S.x64  -Dv8_enable_backtrace=1 -Dv8_can_use_vfp2_instructions=true -Darm_fpu=vfpv2 -Dv8_can_use_vfp3_instructions=true -Darm_fpu=vfpv3
Patching out/build/All.target.ia32.mk...
Patching out/build/All.target.x64.mk...
Patching out/Makefile.ia32...
Patching out/Makefile.x64...
Patching out/preparser/preparser.target.ia32.mk...
Patching out/preparser/preparser.target.x64.mk...
Patching out/samples/lineprocessor.target.ia32.mk...
Patching out/samples/lineprocessor.target.x64.mk...
Patching out/samples/process.target.ia32.mk...
Patching out/samples/process.target.x64.mk...
Patching out/samples/shell.target.ia32.mk...
Patching out/samples/shell.target.x64.mk...
Patching out/src/d8.target.ia32.mk...
Patching out/src/d8.target.x64.mk...
Patching out/src/d8_js2c.host.x64.mk...
Patching out/src/d8_js2c.target.ia32.mk...
Patching out/tools/gyp/js2c.host.x64.mk...
Patching out/tools/gyp/js2c.target.ia32.mk...
Patching out/tools/gyp/mksnapshot.host.x64.mk...
Patching out/tools/gyp/mksnapshot.target.ia32.mk...
Patching out/tools/gyp/postmortem-metadata.target.ia32.mk...
Patching out/tools/gyp/postmortem-metadata.target.x64.mk...
Patching out/tools/gyp/preparser_lib.target.ia32.mk...
Patching out/tools/gyp/preparser_lib.target.x64.mk...
Patching out/tools/gyp/v8.host.x64.mk...
Patching out/tools/gyp/v8.target.ia32.mk...
Patching out/tools/gyp/v8.target.x64.mk...
Patching out/tools/gyp/v8_base.host.x64.mk...
Patching out/tools/gyp/v8_base.target.ia32.mk...
Patching out/tools/gyp/v8_base.target.x64.mk...
Patching out/tools/gyp/v8_nosnapshot.host.x64.mk...
Patching out/tools/gyp/v8_nosnapshot.target.ia32.mk...
Patching out/tools/gyp/v8_nosnapshot.target.x64.mk...
Patching out/tools/gyp/v8_shell.host.x64.mk...
Patching out/tools/gyp/v8_shell.target.ia32.mk...
Patching out/tools/gyp/v8_snapshot.host.x64.mk...
Patching out/tools/gyp/v8_snapshot.target.ia32.mk...
Patching out/tools/gyp/v8_snapshot.target.x64.mk...
make[1]: Entering directory `/d/ProgramTools/Ruby2_0/Ruby200/lib/ruby/gems/2.0.0/gems/libv8-3.16.14.15/vendor/v8/out'
  CXX(target) /d/ProgramTools/Ruby2_0/Ruby200/lib/ruby/gems/2.0.0/gems/libv8-3.16.14.15/vendor/v8/out/ia32.release/obj.target/preparser_lib/src/allocation.o
  CXX(target) /d/ProgramTools/Ruby2_0/Ruby200/lib/ruby/gems/2.0.0/gems/libv8-3.16.14.15/vendor/v8/out/ia32.release/obj.target/preparser_lib/src/atomicops_internals_x86_gcc.o
../src/atomicops_internals_x86_gcc.cc:129:1: fatal error: opening dependency file /d/ProgramTools/Ruby2_0/Ruby200/lib/ruby/gems/2.0.0/gems/libv8-3.16.14.15/vendor/v8/out/ia32.release/.deps//d/ProgramTools/Ruby2_0/Ruby200/lib/ruby/gems/2.0.0/gems/libv8-3.16.14.15/vendor/v8/out/ia32.release/obj.target/preparser_lib/src/atomicops_internals_x86_gcc.o.d.raw: No such file or directory
compilation terminated.
make[1]: *** [/d/ProgramTools/Ruby2_0/Ruby200/lib/ruby/gems/2.0.0/gems/libv8-3.16.14.15/vendor/v8/out/ia32.release/obj.target/preparser_lib/src/atomicops_internals_x86_gcc.o] Error 1
make[1]: Leaving directory `/d/ProgramTools/Ruby2_0/Ruby200/lib/ruby/gems/2.0.0/gems/libv8-3.16.14.15/vendor/v8/out'
make: *** [ia32.release] Error 2
D:/ProgramTools/Ruby2_0/Ruby200/lib/ruby/gems/2.0.0/gems/libv8-3.16.14.15/ext/libv8/location.rb:36:in `block in verify_installation!': libv8 did not install properly, expected binary v8 archive 'D:/ProgramTools/Ruby2_0/Ruby200/lib/ruby/gems/2.0.0/gems/libv8-3.16.14.15/vendor/v8/out/ia32.release/obj.target/tools/gyp/libv8_base.a'to exist, but it was not found (Libv8::Location::Vendor::ArchiveNotFound)
	from D:/ProgramTools/Ruby2_0/Ruby200/lib/ruby/gems/2.0.0/gems/libv8-3.16.14.15/ext/libv8/location.rb:35:in `each'
	from D:/ProgramTools/Ruby2_0/Ruby200/lib/ruby/gems/2.0.0/gems/libv8-3.16.14.15/ext/libv8/location.rb:35:in `verify_installation!'
	from D:/ProgramTools/Ruby2_0/Ruby200/lib/ruby/gems/2.0.0/gems/libv8-3.16.14.15/ext/libv8/location.rb:26:in `install!'
	from extconf.rb:7:in `<main>'
Applying D:/ProgramTools/Ruby2_0/Ruby200/lib/ruby/gems/2.0.0/gems/libv8-3.16.14.15/patches/disable-building-tests.patch
Applying D:/ProgramTools/Ruby2_0/Ruby200/lib/ruby/gems/2.0.0/gems/libv8-3.16.14.15/patches/disable-werror-on-osx.patch
Applying D:/ProgramTools/Ruby2_0/Ruby200/lib/ruby/gems/2.0.0/gems/libv8-3.16.14.15/patches/do-not-imply-vfp3-and-armv7.patch
Applying D:/ProgramTools/Ruby2_0/Ruby200/lib/ruby/gems/2.0.0/gems/libv8-3.16.14.15/patches/do-not-use-vfp2.patch
Applying D:/ProgramTools/Ruby2_0/Ruby200/lib/ruby/gems/2.0.0/gems/libv8-3.16.14.15/patches/fPIC-for-static.patch
Compiling v8 for ia32
Using python 2.7.10
Using compiler: g++ (GCC version 4.7.2)
Beginning compilation. This will take some time.
Building v8 with env CXX=g++ LINK=g++ make ia32.release
